Watching for file changes with StatReloader
Watching for file changes with StatReloader
"POST /api/auth/login/ HTTP/1.1" 200 697
"GET /api/universities/ HTTP/1.1" 200 40
"GET /api/jobs/ HTTP/1.1" 200 2
"GET /api/universities/ HTTP/1.1" 200 40
Not Found: /api/events/
"GET /api/universities/ HTTP/1.1" 200 40
"GET /api/universities/ HTTP/1.1" 200 40
"GET /api/jobs/ HTTP/1.1" 200 2
Not Found: /api/events/
"GET /api/events/ HTTP/1.1" 404 23645
"GET /api/degrees/?university=1 HTTP/1.1" 200 487
"GET /api/events/ HTTP/1.1" 404 23645
"GET /api/degrees/?university=1 HTTP/1.1" 200 487
"GET /api/degrees/?university=1 HTTP/1.1" 200 487
"GET /api/degrees/?university=1 HTTP/1.1" 200 487
"GET /api/notes/?degree=1&semester=1&year=2024&university=1 HTTP/1.1" 200 2
"GET /api/question-papers/?degree=1&semester=1&year=2024&university_id=1 HTTP/1.1" 200 249
"GET /api/universities/ HTTP/1.1" 200 40
"GET /api/degrees/?university=1 HTTP/1.1" 200 487
"GET /api/question-papers/?degree=1&semester=1&year=2024&university_id=1 HTTP/1.1" 200 249
"GET /media/question_papers/Anandhu_S_resume-1.pdf HTTP/1.1" 200 85495
"GET /api/universities/ HTTP/1.1" 200 40
"GET /api/degrees/?university=1 HTTP/1.1" 200 487
"GET /api/notes/?degree=1&semester=1&year=2024&university=1 HTTP/1.1" 200 2
"GET /api/notes/?degree=1&semester=1&year=2023&university=1 HTTP/1.1" 200 2
"GET /api/degrees/?university=1 HTTP/1.1" 200 487
"GET /api/notes/?degree=1&semester=2&year=2024&university=1 HTTP/1.1" 200 2
"GET /admindashboard/notes/ HTTP/1.1" 302 0
"GET /admindashboard/login/?next=/admindashboard/notes/ HTTP/1.1" 200 2578
"GET /static/assets/css/nucleo-icons.css HTTP/1.1" 200 8821
"GET /static/assets/css/material-dashboard.css HTTP/1.1" 200 554479
"GET /static/assets/img/loginbg.jpg HTTP/1.1" 200 936651
"POST /admindashboard/login/ HTTP/1.1" 302 0
"GET /admindashboard/dashboard/ HTTP/1.1" 200 38031
"GET /static/assets/css/nucleo-svg.css HTTP/1.1" 200 2253
"GET /static/assets/js/core/bootstrap.min.js HTTP/1.1" 200 60635
"GET /static/assets/js/core/popper.min.js HTTP/1.1" 200 20082
"GET /static/assets/js/material-dashboard.min.js%3Fv%3D3.2.0 HTTP/1.1" 404 2066
"GET /static/assets/js/plugins/perfect-scrollbar.min.js HTTP/1.1" 200 19411
"GET /static/assets/js/plugins/smooth-scrollbar.min.js HTTP/1.1" 200 48421
"GET /static/assets/js/plugins/chartjs.min.js HTTP/1.1" 200 205546
"GET /static/assets/img/team-2.jpg HTTP/1.1" 200 23880
"GET /static/assets/img/small-logos/logo-spotify.svg HTTP/1.1" 200 1936
"GET /static/assets/js/material-dashboard.min.js%3Fv%3D3.2.0 HTTP/1.1" 404 2066
Unauthorized: /api/contact/
"POST /api/contact/ HTTP/1.1" 401 58
